<?xml version="1.0" encoding="UTF-8"?>
<testsuite name="test.java.se.redmind.rmtest.selenium.example.CreateLogTests(20150121-160906)" time="0.031" tests="12" errors="4" skipped="0" failures="6">
  <properties>
    <property name="java.runtime.name" value="Java(TM) SE Runtime Environment"/>
    <property name="sun.boot.library.path" value="/Library/Java/JavaVirtualMachines/jdk1.8.0_25.jdk/Contents/Home/jre/lib"/>
    <property name="java.vm.version" value="25.25-b02"/>
    <property name="gopherProxySet" value="false"/>
    <property name="java.vm.vendor" value="Oracle Corporation"/>
    <property name="java.vendor.url" value="http://java.oracle.com/"/>
    <property name="path.separator" value=":"/>
    <property name="guice.disable.misplaced.annotation.check" value="true"/>
    <property name="java.vm.name" value="Java HotSpot(TM) 64-Bit Server VM"/>
    <property name="file.encoding.pkg" value="sun.io"/>
    <property name="user.country" value="SE"/>
    <property name="sun.java.launcher" value="SUN_STANDARD"/>
    <property name="sun.os.patch.level" value="unknown"/>
    <property name="java.vm.specification.name" value="Java Virtual Machine Specification"/>
    <property name="user.dir" value="/Users/gustavholfve/redmind/RMTest"/>
    <property name="java.runtime.version" value="1.8.0_25-b17"/>
    <property name="java.awt.graphicsenv" value="sun.awt.CGraphicsEnvironment"/>
    <property name="java.endorsed.dirs" value="/Library/Java/JavaVirtualMachines/jdk1.8.0_25.jdk/Contents/Home/jre/lib/endorsed"/>
    <property name="os.arch" value="x86_64"/>
    <property name="java.io.tmpdir" value="/var/folders/g6/ynxs0t3j7r15myt344kjfly00000gn/T/"/>
    <property name="line.separator" value="&#10;"/>
    <property name="java.vm.specification.vendor" value="Oracle Corporation"/>
    <property name="os.name" value="Mac OS X"/>
    <property name="classworlds.conf" value="/Users/gustavholfve/Documents/RMTest/.metadata/.plugins/org.eclipse.m2e.launching/launches/m2conf7327590769530291400.tmp"/>
    <property name="sun.jnu.encoding" value="UTF-8"/>
    <property name="java.library.path" value="/Users/gustavholfve/Library/Java/Extensions:/Library/Java/Extensions:/Network/Library/Java/Extensions:/System/Library/Java/Extensions:/usr/lib/java:."/>
    <property name="java.specification.name" value="Java Platform API Specification"/>
    <property name="java.class.version" value="52.0"/>
    <property name="sun.management.compiler" value="HotSpot 64-Bit Tiered Compilers"/>
    <property name="os.version" value="10.9.5"/>
    <property name="http.nonProxyHosts" value="local|*.local|169.254/16|*.169.254/16"/>
    <property name="user.home" value="/Users/gustavholfve"/>
    <property name="user.timezone" value="Europe/Stockholm"/>
    <property name="java.awt.printerjob" value="sun.lwawt.macosx.CPrinterJob"/>
    <property name="java.specification.version" value="1.8"/>
    <property name="file.encoding" value="UTF-8"/>
    <property name="user.name" value="gustavholfve"/>
    <property name="java.class.path" value="/Users/gustavholfve/Downloads/eclipse 4/plugins/org.eclipse.m2e.maven.runtime_1.5.0.20140605-2032/jars/plexus-classworlds-2.5.1.jar"/>
    <property name="org.slf4j.simpleLogger.defaultLogLevel" value="info"/>
    <property name="java.vm.specification.version" value="1.8"/>
    <property name="sun.arch.data.model" value="64"/>
    <property name="java.home" value="/Library/Java/JavaVirtualMachines/jdk1.8.0_25.jdk/Contents/Home/jre"/>
    <property name="sun.java.command" value="org.codehaus.plexus.classworlds.launcher.Launcher -B test"/>
    <property name="java.specification.vendor" value="Oracle Corporation"/>
    <property name="user.language" value="sv"/>
    <property name="awt.toolkit" value="sun.lwawt.macosx.LWCToolkit"/>
    <property name="java.vm.info" value="mixed mode"/>
    <property name="java.version" value="1.8.0_25"/>
    <property name="java.ext.dirs" value="/Users/gustavholfve/Library/Java/Extensions:/Library/Java/JavaVirtualMachines/jdk1.8.0_25.jdk/Contents/Home/jre/lib/ext:/Library/Java/Extensions:/Network/Library/Java/Extensions:/System/Library/Java/Extensions:/usr/lib/java"/>
    <property name="sun.boot.class.path" value="/Library/Java/JavaVirtualMachines/jdk1.8.0_25.jdk/Contents/Home/jre/lib/resources.jar:/Library/Java/JavaVirtualMachines/jdk1.8.0_25.jdk/Contents/Home/jre/lib/rt.jar:/Library/Java/JavaVirtualMachines/jdk1.8.0_25.jdk/Contents/Home/jre/lib/sunrsasign.jar:/Library/Java/JavaVirtualMachines/jdk1.8.0_25.jdk/Contents/Home/jre/lib/jsse.jar:/Library/Java/JavaVirtualMachines/jdk1.8.0_25.jdk/Contents/Home/jre/lib/jce.jar:/Library/Java/JavaVirtualMachines/jdk1.8.0_25.jdk/Contents/Home/jre/lib/charsets.jar:/Library/Java/JavaVirtualMachines/jdk1.8.0_25.jdk/Contents/Home/jre/lib/jfr.jar:/Library/Java/JavaVirtualMachines/jdk1.8.0_25.jdk/Contents/Home/jre/classes"/>
    <property name="java.vendor" value="Oracle Corporation"/>
    <property name="maven.home" value="/Users/gustavholfve/redmind/RMTest/EMBEDDED"/>
    <property name="file.separator" value="/"/>
    <property name="java.vendor.url.bug" value="http://bugreport.sun.com/bugreport/"/>
    <property name="sun.cpu.endian" value="little"/>
    <property name="sun.io.unicode.encoding" value="UnicodeBig"/>
    <property name="socksNonProxyHosts" value="local|*.local|169.254/16|*.169.254/16"/>
    <property name="ftp.nonProxyHosts" value="local|*.local|169.254/16|*.169.254/16"/>
    <property name="sun.cpu.isalist" value=""/>
  </properties>
  <testcase name="failThisTest[OSX chrome]" classname="se.redmind.rmtest.selenium.example.CreateLogsTest(20150121-160906)" time="0.01">
    <failure message="This failed" type="java.lang.AssertionError">java.lang.AssertionError: This failed
	at org.junit.Assert.fail(Assert.java:88)
	at se.redmind.rmtest.selenium.example.CreateLogsTest.failThisTest(CreateLogsTest.java:63)
</failure>
    <system-out><![CDATA[Mac OS X
We're on a unixy system
TESTHOME=/Users/gustavholfve/redmind/RMTest
/Users/gustavholfve/redmind/RMTest
{"configuration":{"androidHome":"/tmp","localIp":"127.0.0.1","hubIp":"127.0.0.1","AndroidBuildtoolsVersion":"4.4","seleniumVersion":"2.43.1"}}
Description of driver is: OSX firefox
Description of driver is: OSX chrome
This is a RemoteWebDriver
Started driver: OSX firefox
This is a RemoteWebDriver
Started driver: OSX chrome
Number of treads executing in parrallel: 2
{"configuration":{"androidHome":"/tmp","localIp":"127.0.0.1","hubIp":"127.0.0.1","AndroidBuildtoolsVersion":"4.4","seleniumVersion":"2.43.1"}}
Description of driver is: OSX firefox
Description of driver is: OSX chrome
This is a RemoteWebDriver
Started driver: OSX firefox
This is a RemoteWebDriver
Started driver: OSX chrome
Number of treads executing in parrallel: 2
]]></system-out>
  </testcase>
  <testcase name="failThisTest[OSX firefox]" classname="se.redmind.rmtest.selenium.example.CreateLogsTest(20150121-160906)" time="0.012">
    <failure message="This failed" type="java.lang.AssertionError">java.lang.AssertionError: This failed
	at org.junit.Assert.fail(Assert.java:88)
	at se.redmind.rmtest.selenium.example.CreateLogsTest.failThisTest(CreateLogsTest.java:63)
</failure>
  </testcase>
  <testcase name="isTrueSameAsFalse[OSX firefox]" classname="se.redmind.rmtest.selenium.example.CreateLogsTest(20150121-160906)" time="0">
    <failure type="java.lang.AssertionError:">java.lang.AssertionError: null
	at org.junit.Assert.fail(Assert.java:86)
	at org.junit.Assert.assertTrue(Assert.java:41)
	at org.junit.Assert.assertTrue(Assert.java:52)
	at se.redmind.rmtest.selenium.example.CreateLogsTest.isTrueSameAsFalse(CreateLogsTest.java:58)
</failure>
  </testcase>
  <testcase name="successTest[OSX firefox]" classname="se.redmind.rmtest.selenium.example.CreateLogsTest(20150121-160906)" time="0"/>
  <testcase name="nullPointerThrow[OSX firefox]" classname="se.redmind.rmtest.selenium.example.CreateLogsTest(20150121-160906)" time="0.004">
    <error type="java.lang.NullPointerException:">java.lang.NullPointerException: null
	at se.redmind.rmtest.selenium.example.CreateLogsTest.nullPointerThrow(CreateLogsTest.java:53)
</error>
  </testcase>
  <testcase name="isTrueSameAsFalse[OSX chrome]" classname="se.redmind.rmtest.selenium.example.CreateLogsTest(20150121-160906)" time="0.001">
    <failure type="java.lang.AssertionError:">java.lang.AssertionError: null
	at org.junit.Assert.fail(Assert.java:86)
	at org.junit.Assert.assertTrue(Assert.java:41)
	at org.junit.Assert.assertTrue(Assert.java:52)
	at se.redmind.rmtest.selenium.example.CreateLogsTest.isTrueSameAsFalse(CreateLogsTest.java:58)
</failure>
  </testcase>
  <testcase name="successTest[OSX chrome]" classname="se.redmind.rmtest.selenium.example.CreateLogsTest(20150121-160906)" time="0"/>
  <testcase name="nullPointerThrow[OSX chrome]" classname="se.redmind.rmtest.selenium.example.CreateLogsTest(20150121-160906)" time="0">
    <error type="java.lang.NullPointerException:">java.lang.NullPointerException: null
	at se.redmind.rmtest.selenium.example.CreateLogsTest.nullPointerThrow(CreateLogsTest.java:53)
</error>
  </testcase>
  <testcase name="exceptionTrown[OSX firefox]" classname="se.redmind.rmtest.selenium.example.CreateLogsTestSecond(20150121-160906)" time="0">
    <error type="java.lang.IllegalAccessError:">java.lang.IllegalAccessError: null
	at se.redmind.rmtest.selenium.example.CreateLogsTestSecond.exceptionTrown(CreateLogsTestSecond.java:67)
</error>
  </testcase>
  <testcase name="exceptionTrown[OSX chrome]" classname="se.redmind.rmtest.selenium.example.CreateLogsTestSecond(20150121-160906)" time="0">
    <error type="java.lang.IllegalAccessError:">java.lang.IllegalAccessError: null
	at se.redmind.rmtest.selenium.example.CreateLogsTestSecond.exceptionTrown(CreateLogsTestSecond.java:67)
</error>
  </testcase>
  <testcase name="asertion1Equals2[OSX firefox]" classname="se.redmind.rmtest.selenium.example.CreateLogsTestSecond(20150121-160906)" time="0.001">
    <failure message="expected:&lt;1&gt; but was:&lt;2&gt;" type="java.lang.AssertionError"><![CDATA[java.lang.AssertionError: expected:<1> but was:<2>
	at org.junit.Assert.fail(Assert.java:88)
	at org.junit.Assert.failNotEquals(Assert.java:743)
	at org.junit.Assert.assertEquals(Assert.java:118)
	at org.junit.Assert.assertEquals(Assert.java:555)
	at org.junit.Assert.assertEquals(Assert.java:542)
	at se.redmind.rmtest.selenium.example.CreateLogsTestSecond.asertion1Equals2(CreateLogsTestSecond.java:62)
]]></failure>
  </testcase>
  <testcase name="asertion1Equals2[OSX chrome]" classname="se.redmind.rmtest.selenium.example.CreateLogsTestSecond(20150121-160906)" time="0.003">
    <failure message="expected:&lt;1&gt; but was:&lt;2&gt;" type="java.lang.AssertionError"><![CDATA[java.lang.AssertionError: expected:<1> but was:<2>
	at org.junit.Assert.fail(Assert.java:88)
	at org.junit.Assert.failNotEquals(Assert.java:743)
	at org.junit.Assert.assertEquals(Assert.java:118)
	at org.junit.Assert.assertEquals(Assert.java:555)
	at org.junit.Assert.assertEquals(Assert.java:542)
	at se.redmind.rmtest.selenium.example.CreateLogsTestSecond.asertion1Equals2(CreateLogsTestSecond.java:62)
]]></failure>
  </testcase>
</testsuite>