-------------------------------------------------------------------------------
Test set: test.java.se.redmind.rmtest.selenium.example.CreateLogTests
-------------------------------------------------------------------------------
Tests run: 12, Failures: 6, Errors: 4, Skipped: 0, Time elapsed: 12.174 sec <<< FAILURE! - in test.java.se.redmind.rmtest.selenium.example.CreateLogTests
exceptionTrown[OSX firefox](se.redmind.rmtest.selenium.example.CreateLogsTestSecond)  Time elapsed: 0.012 sec  <<< ERROR!
java.lang.IllegalAccessError: null
	at se.redmind.rmtest.selenium.example.CreateLogsTestSecond.exceptionTrown(CreateLogsTestSecond.java:67)

exceptionTrown[OSX chrome](se.redmind.rmtest.selenium.example.CreateLogsTestSecond)  Time elapsed: 0.013 sec  <<< ERROR!
java.lang.IllegalAccessError: null
	at se.redmind.rmtest.selenium.example.CreateLogsTestSecond.exceptionTrown(CreateLogsTestSecond.java:67)

asertion1Equals2[OSX chrome](se.redmind.rmtest.selenium.example.CreateLogsTestSecond)  Time elapsed: 0 sec  <<< FAILURE!
java.lang.AssertionError: expected:<1> but was:<2>
	at org.junit.Assert.fail(Assert.java:88)
	at org.junit.Assert.failNotEquals(Assert.java:743)
	at org.junit.Assert.assertEquals(Assert.java:118)
	at org.junit.Assert.assertEquals(Assert.java:555)
	at org.junit.Assert.assertEquals(Assert.java:542)
	at se.redmind.rmtest.selenium.example.CreateLogsTestSecond.asertion1Equals2(CreateLogsTestSecond.java:62)

asertion1Equals2[OSX firefox](se.redmind.rmtest.selenium.example.CreateLogsTestSecond)  Time elapsed: 0.001 sec  <<< FAILURE!
java.lang.AssertionError: expected:<1> but was:<2>
	at org.junit.Assert.fail(Assert.java:88)
	at org.junit.Assert.failNotEquals(Assert.java:743)
	at org.junit.Assert.assertEquals(Assert.java:118)
	at org.junit.Assert.assertEquals(Assert.java:555)
	at org.junit.Assert.assertEquals(Assert.java:542)
	at se.redmind.rmtest.selenium.example.CreateLogsTestSecond.asertion1Equals2(CreateLogsTestSecond.java:62)

failThisTest[OSX firefox](se.redmind.rmtest.selenium.example.CreateLogsTest)  Time elapsed: 0 sec  <<< FAILURE!
java.lang.AssertionError: This failed
	at org.junit.Assert.fail(Assert.java:88)
	at se.redmind.rmtest.selenium.example.CreateLogsTest.failThisTest(CreateLogsTest.java:63)

failThisTest[OSX chrome](se.redmind.rmtest.selenium.example.CreateLogsTest)  Time elapsed: 0.001 sec  <<< FAILURE!
java.lang.AssertionError: This failed
	at org.junit.Assert.fail(Assert.java:88)
	at se.redmind.rmtest.selenium.example.CreateLogsTest.failThisTest(CreateLogsTest.java:63)

isTrueSameAsFalse[OSX firefox](se.redmind.rmtest.selenium.example.CreateLogsTest)  Time elapsed: 0.001 sec  <<< FAILURE!
java.lang.AssertionError: null
	at org.junit.Assert.fail(Assert.java:86)
	at org.junit.Assert.assertTrue(Assert.java:41)
	at org.junit.Assert.assertTrue(Assert.java:52)
	at se.redmind.rmtest.selenium.example.CreateLogsTest.isTrueSameAsFalse(CreateLogsTest.java:58)

isTrueSameAsFalse[OSX chrome](se.redmind.rmtest.selenium.example.CreateLogsTest)  Time elapsed: 0.002 sec  <<< FAILURE!
java.lang.AssertionError: null
	at org.junit.Assert.fail(Assert.java:86)
	at org.junit.Assert.assertTrue(Assert.java:41)
	at org.junit.Assert.assertTrue(Assert.java:52)
	at se.redmind.rmtest.selenium.example.CreateLogsTest.isTrueSameAsFalse(CreateLogsTest.java:58)

nullPointerThrow[OSX chrome](se.redmind.rmtest.selenium.example.CreateLogsTest)  Time elapsed: 0 sec  <<< ERROR!
java.lang.NullPointerException: null
	at se.redmind.rmtest.selenium.example.CreateLogsTest.nullPointerThrow(CreateLogsTest.java:53)

nullPointerThrow[OSX firefox](se.redmind.rmtest.selenium.example.CreateLogsTest)  Time elapsed: 0.001 sec  <<< ERROR!
java.lang.NullPointerException: null
	at se.redmind.rmtest.selenium.example.CreateLogsTest.nullPointerThrow(CreateLogsTest.java:53)

