{
  "suite": "test.java.se.redmind.rmtest.selenium.example.GoogleTestsRMR",
  "totalTests": 8,
  "failures": 2,
  "totalIgnored": 2,
  "success": false,
  "runTime": 17.558,
  "UUID": "88257717-af75-4f24-b99c-029ea9f10633",
  "timestamp": "20150630125220",
  "tests": [
    {
      "id": 7,
      "method": "testGoogle2",
      "testclass": "se.redmind.rmtest.selenium.example.CopyOfGoogleExample",
      "status": "idle",
      "result": "skipped",
      "deviceInfo": {
        "os": "OSX",
        "osver": "UNKNOWN",
        "device": "AnApple",
        "browser": "chrome",
        "browserVer": "UNKNOWN"
      },
      "runTime": 0
    },
    {
      "id": 3,
      "method": "testGoogle2",
      "testclass": "se.redmind.rmtest.selenium.example.GoogleExample",
      "status": "idle",
      "result": "passed",
      "deviceInfo": {
        "os": "OSX",
        "osver": "UNKNOWN",
        "device": "AnApple",
        "browser": "chrome",
        "browserVer": "UNKNOWN"
      },
      "runTime": 3.764
    },
    {
      "id": 5,
      "method": "testGoogle2",
      "testclass": "se.redmind.rmtest.selenium.example.CopyOfGoogleExample",
      "status": "idle",
      "result": "skipped",
      "deviceInfo": {
        "os": "OSX",
        "osver": "UNKNOWN",
        "device": "AnApple",
        "browser": "firefox",
        "browserVer": "UNKNOWN"
      },
      "runTime": 0
    },
    {
      "id": 1,
      "method": "testGoogle2",
      "testclass": "se.redmind.rmtest.selenium.example.GoogleExample",
      "status": "idle",
      "result": "passed",
      "deviceInfo": {
        "os": "OSX",
        "osver": "UNKNOWN",
        "device": "AnApple",
        "browser": "firefox",
        "browserVer": "UNKNOWN"
      },
      "runTime": 6.977
    },
    {
      "id": 8,
      "method": "testGoogle",
      "testclass": "se.redmind.rmtest.selenium.example.CopyOfGoogleExample",
      "status": "idle",
      "result": "failure",
      "deviceInfo": {
        "os": "OSX",
        "osver": "UNKNOWN",
        "device": "AnApple",
        "browser": "chrome",
        "browserVer": "UNKNOWN"
      },
      "failureMessage": "java.lang.AssertionError\n\tat org.junit.Assert.fail(Assert.java:86)\n\tat org.junit.Assert.assertTrue(Assert.java:41)\n\tat org.junit.Assert.assertTrue(Assert.java:52)\n\tat se.redmind.rmtest.selenium.example.CopyOfGoogleExample.testGoogle(CopyOfGoogleExample.java:87)\n\tat sun.reflect.NativeMethodAccessorImpl.invoke0(Native Method)\n\tat sun.reflect.NativeMethodAccessorImpl.invoke(NativeMethodAccessorImpl.java:57)\n\tat sun.reflect.DelegatingMethodAccessorImpl.invoke(DelegatingMethodAccessorImpl.java:43)\n\tat java.lang.reflect.Method.invoke(Method.java:606)\n\tat org.junit.runners.model.FrameworkMethod$1.runReflectiveCall(FrameworkMethod.java:47)\n\tat org.junit.internal.runners.model.ReflectiveCallable.run(ReflectiveCallable.java:12)\n\tat org.junit.runners.model.FrameworkMethod.invokeExplosively(FrameworkMethod.java:44)\n\tat org.junit.internal.runners.statements.InvokeMethod.evaluate(InvokeMethod.java:17)\n\tat org.junit.internal.runners.statements.RunBefores.evaluate(RunBefores.java:26)\n\tat org.junit.runners.ParentRunner.runLeaf(ParentRunner.java:271)\n\tat org.junit.runners.BlockJUnit4ClassRunner.runChild(BlockJUnit4ClassRunner.java:70)\n\tat org.junit.runners.BlockJUnit4ClassRunner.runChild(BlockJUnit4ClassRunner.java:50)\n\tat org.junit.runners.ParentRunner$3.run(ParentRunner.java:238)\n\tat org.junit.runners.ParentRunner$1.schedule(ParentRunner.java:63)\n\tat org.junit.runners.ParentRunner.runChildren(ParentRunner.java:236)\n\tat org.junit.runners.ParentRunner.access$000(ParentRunner.java:53)\n\tat org.junit.runners.ParentRunner$2.evaluate(ParentRunner.java:229)\n\tat org.junit.runners.ParentRunner.run(ParentRunner.java:309)\n\tat org.junit.runners.Suite.runChild(Suite.java:127)\n\tat org.junit.runners.Suite.runChild(Suite.java:26)\n\tat org.junit.runners.ParentRunner$3.run(ParentRunner.java:238)\n\tat java.util.concurrent.Executors$RunnableAdapter.call(Executors.java:471)\n\tat java.util.concurrent.FutureTask.run(FutureTask.java:262)\n\tat java.util.concurrent.ThreadPoolExecutor.runWorker(ThreadPoolExecutor.java:1145)\n\tat java.util.concurrent.ThreadPoolExecutor$Worker.run(ThreadPoolExecutor.java:615)\n\tat java.lang.Thread.run(Thread.java:745)\n",
      "runTime": 3.958
    },
    {
      "id": 4,
      "method": "testGoogle",
      "testclass": "se.redmind.rmtest.selenium.example.GoogleExample",
      "status": "idle",
      "result": "passed",
      "deviceInfo": {
        "os": "OSX",
        "osver": "UNKNOWN",
        "device": "AnApple",
        "browser": "chrome",
        "browserVer": "UNKNOWN"
      },
      "runTime": 1.487
    },
    {
      "id": 6,
      "method": "testGoogle",
      "testclass": "se.redmind.rmtest.selenium.example.CopyOfGoogleExample",
      "status": "idle",
      "result": "failure",
      "deviceInfo": {
        "os": "OSX",
        "osver": "UNKNOWN",
        "device": "AnApple",
        "browser": "firefox",
        "browserVer": "UNKNOWN"
      },
      "failureMessage": "java.lang.AssertionError\n\tat org.junit.Assert.fail(Assert.java:86)\n\tat org.junit.Assert.assertTrue(Assert.java:41)\n\tat org.junit.Assert.assertTrue(Assert.java:52)\n\tat se.redmind.rmtest.selenium.example.CopyOfGoogleExample.testGoogle(CopyOfGoogleExample.java:87)\n\tat sun.reflect.NativeMethodAccessorImpl.invoke0(Native Method)\n\tat sun.reflect.NativeMethodAccessorImpl.invoke(NativeMethodAccessorImpl.java:57)\n\tat sun.reflect.DelegatingMethodAccessorImpl.invoke(DelegatingMethodAccessorImpl.java:43)\n\tat java.lang.reflect.Method.invoke(Method.java:606)\n\tat org.junit.runners.model.FrameworkMethod$1.runReflectiveCall(FrameworkMethod.java:47)\n\tat org.junit.internal.runners.model.ReflectiveCallable.run(ReflectiveCallable.java:12)\n\tat org.junit.runners.model.FrameworkMethod.invokeExplosively(FrameworkMethod.java:44)\n\tat org.junit.internal.runners.statements.InvokeMethod.evaluate(InvokeMethod.java:17)\n\tat org.junit.internal.runners.statements.RunBefores.evaluate(RunBefores.java:26)\n\tat org.junit.runners.ParentRunner.runLeaf(ParentRunner.java:271)\n\tat org.junit.runners.BlockJUnit4ClassRunner.runChild(BlockJUnit4ClassRunner.java:70)\n\tat org.junit.runners.BlockJUnit4ClassRunner.runChild(BlockJUnit4ClassRunner.java:50)\n\tat org.junit.runners.ParentRunner$3.run(ParentRunner.java:238)\n\tat org.junit.runners.ParentRunner$1.schedule(ParentRunner.java:63)\n\tat org.junit.runners.ParentRunner.runChildren(ParentRunner.java:236)\n\tat org.junit.runners.ParentRunner.access$000(ParentRunner.java:53)\n\tat org.junit.runners.ParentRunner$2.evaluate(ParentRunner.java:229)\n\tat org.junit.runners.ParentRunner.run(ParentRunner.java:309)\n\tat org.junit.runners.Suite.runChild(Suite.java:127)\n\tat org.junit.runners.Suite.runChild(Suite.java:26)\n\tat org.junit.runners.ParentRunner$3.run(ParentRunner.java:238)\n\tat java.util.concurrent.Executors$RunnableAdapter.call(Executors.java:471)\n\tat java.util.concurrent.FutureTask.run(FutureTask.java:262)\n\tat java.util.concurrent.ThreadPoolExecutor.runWorker(ThreadPoolExecutor.java:1145)\n\tat java.util.concurrent.ThreadPoolExecutor$Worker.run(ThreadPoolExecutor.java:615)\n\tat java.lang.Thread.run(Thread.java:745)\n",
      "runTime": 7.255
    },
    {
      "id": 2,
      "method": "testGoogle",
      "testclass": "se.redmind.rmtest.selenium.example.GoogleExample",
      "status": "idle",
      "result": "passed",
      "deviceInfo": {
        "os": "OSX",
        "osver": "UNKNOWN",
        "device": "AnApple",
        "browser": "firefox",
        "browserVer": "UNKNOWN"
      },
      "runTime": 1.979
    }
  ],
  "properties": {
	"ftp.nonProxyHosts": "local|*.local|169.254/16|*.169.254/16",
    "sun.cpu.isalist": ""
  }
}